<?xml version="1.0" encoding="UTF-8"?>
<testsuite xmlns:xsi="http://www.w3.org/2001/XMLSchema-instance" xsi:noNamespaceSchemaLocation="https://maven.apache.org/surefire/maven-surefire-plugin/xsd/surefire-test-report-3.0.xsd" version="3.0" name="com.siscalen.service.CalendarioEventoServiceTest" time="1.25" tests="4" errors="0" skipped="0" failures="0">
  <properties>
[...]
</properties>
  <testcase name="testFindAll" classname="com.siscalen.service.CalendarioEventoServiceTest" time="1.196"/>
  <testcase name="testSave" classname="com.siscalen.service.CalendarioEventoServiceTest" time="0.008"/>
  <testcase name="testFindById" classname="com.siscalen.service.CalendarioEventoServiceTest" time="0.006"/>
  <testcase name="testDeleteById" classname="com.siscalen.service.CalendarioEventoServiceTest" time="0.005"/>
</testsuite>